# JRE version: OpenJDK Runtime Environment (11.0.8+10) (build 11.0.8+10-b944.6842174)
# Java VM: OpenJDK 64-Bit Server VM (11.0.8+10-b944.6842174, mixed mode, tiered, compressed oops, g1 gc, windows-amd64)
Heap:
 garbage-first heap   total 391168K, used 180805K [0x0000000080000000, 0x0000000100000000)
  region size 1024K, 97 young (99328K), 22 survivors (22528K)
 Metaspace       used 101250K, capacity 104046K, committed 104316K, reserved 1140736K
  class space    used 12957K, capacity 13956K, committed 14080K, reserved 1048576K
GC Heap History (18 events):
Event: 1.186 GC heap before
{Heap before GC invocations=0 (full 0):
 garbage-first heap   total 391168K, used 29696K [0x0000000080000000, 0x0000000100000000)
  region size 1024K, 24 young (24576K), 0 survivors (0K)
 Metaspace       used 10114K, capacity 10324K, committed 10368K, reserved 1058816K
  class space    used 1058K, capacity 1124K, committed 1152K, reserved 1048576K
}
Event: 1.350 GC heap after
{Heap after GC invocations=1 (full 0):
 garbage-first heap   total 391168K, used 8608K [0x0000000080000000, 0x0000000100000000)
  region size 1024K, 3 young (3072K), 3 survivors (3072K)
 Metaspace       used 10114K, capacity 10324K, committed 10368K, reserved 1058816K
  class space    used 1058K, capacity 1124K, committed 1152K, reserved 1048576K
}
Event: 6.171 GC heap before
{Heap before GC invocations=1 (full 0):
 garbage-first heap   total 391168K, used 93600K [0x0000000080000000, 0x0000000100000000)
  region size 1024K, 88 young (90112K), 3 survivors (3072K)
 Metaspace       used 20632K, capacity 21131K, committed 21296K, reserved 1069056K
  class space    used 2521K, capacity 2688K, committed 2688K, reserved 1048576K
}
Event: 6.185 GC heap after
{Heap after GC invocations=2 (full 0):
 garbage-first heap   total 391168K, used 16453K [0x0000000080000000, 0x0000000100000000)
  region size 1024K, 11 young (11264K), 11 survivors (11264K)
 Metaspace       used 20632K, capacity 21131K, committed 21296K, reserved 1069056K
  class space    used 2521K, capacity 2688K, committed 2688K, reserved 1048576K
}
Event: 6.473 GC heap before
{Heap before GC invocations=3 (full 0):
 garbage-first heap   total 391168K, used 40005K [0x0000000080000000, 0x0000000100000000)
  region size 1024K, 34 young (34816K), 11 survivors (11264K)
 Metaspace       used 22782K, capacity 23376K, committed 23600K, reserved 1069056K
  class space    used 2925K, capacity 3120K, committed 3200K, reserved 1048576K
}
Event: 6.478 GC heap after
{Heap after GC invocations=4 (full 0):
 garbage-first heap   total 391168K, used 17814K [0x0000000080000000, 0x0000000100000000)
  region size 1024K, 2 young (2048K), 2 survivors (2048K)
 Metaspace       used 22782K, capacity 23376K, committed 23600K, reserved 1069056K
  class space    used 2925K, capacity 3120K, committed 3200K, reserved 1048576K
}
Event: 8.352 GC heap before
{Heap before GC invocations=4 (full 0):
 garbage-first heap   total 391168K, used 109974K [0x0000000080000000, 0x0000000100000000)
  region size 1024K, 84 young (86016K), 2 survivors (2048K)
 Metaspace       used 34894K, capacity 35662K, committed 35708K, reserved 1081344K
  class space    used 4526K, capacity 4830K, committed 4864K, reserved 1048576K
}
Event: 8.366 GC heap after
{Heap after GC invocations=5 (full 0):
 garbage-first heap   total 391168K, used 33932K [0x0000000080000000, 0x0000000100000000)
  region size 1024K, 8 young (8192K), 8 survivors (8192K)
 Metaspace       used 34894K, capacity 35662K, committed 35708K, reserved 1081344K
  class space    used 4526K, capacity 4830K, committed 4864K, reserved 1048576K
}
Event: 11.059 GC heap before
{Heap before GC invocations=6 (full 0):
 garbage-first heap   total 391168K, used 137356K [0x0000000080000000, 0x0000000100000000)
  region size 1024K, 99 young (101376K), 8 survivors (8192K)
 Metaspace       used 43647K, capacity 44742K, committed 45052K, reserved 1089536K
  class space    used 5545K, capacity 5908K, committed 6016K, reserved 1048576K
}
Event: 11.067 GC heap after
{Heap after GC invocations=7 (full 0):
 garbage-first heap   total 391168K, used 48635K [0x0000000080000000, 0x0000000100000000)
  region size 1024K, 9 young (9216K), 9 survivors (9216K)
 Metaspace       used 43647K, capacity 44742K, committed 45052K, reserved 1089536K
  class space    used 5545K, capacity 5908K, committed 6016K, reserved 1048576K
}
Event: 15.408 GC heap before
{Heap before GC invocations=7 (full 0):
 garbage-first heap   total 391168K, used 242171K [0x0000000080000000, 0x0000000100000000)
  region size 1024K, 193 young (197632K), 9 survivors (9216K)
 Metaspace       used 58186K, capacity 59787K, committed 59940K, reserved 1101824K
  class space    used 7409K, capacity 7927K, committed 7936K, reserved 1048576K
}
Event: 15.428 GC heap after
{Heap after GC invocations=8 (full 0):
 garbage-first heap   total 391168K, used 69791K [0x0000000080000000, 0x0000000100000000)
  region size 1024K, 22 young (22528K), 22 survivors (22528K)
 Metaspace       used 58186K, capacity 59787K, committed 59940K, reserved 1101824K
  class space    used 7409K, capacity 7927K, committed 7936K, reserved 1048576K
}
Event: 19.486 GC heap before
{Heap before GC invocations=9 (full 0):
 garbage-first heap   total 391168K, used 281759K [0x0000000080000000, 0x0000000100000000)
  region size 1024K, 229 young (234496K), 22 survivors (22528K)
 Metaspace       used 77610K, capacity 79575K, committed 79740K, reserved 1118208K
  class space    used 10008K, capacity 10651K, committed 10752K, reserved 1048576K
}
Event: 19.505 GC heap after
{Heap after GC invocations=10 (full 0):
 garbage-first heap   total 391168K, used 82987K [0x0000000080000000, 0x0000000100000000)
  region size 1024K, 28 young (28672K), 28 survivors (28672K)
 Metaspace       used 77610K, capacity 79575K, committed 79740K, reserved 1118208K
  class space    used 10008K, capacity 10651K, committed 10752K, reserved 1048576K
}
Event: 27.403 GC heap before
{Heap before GC invocations=10 (full 0):
 garbage-first heap   total 391168K, used 288811K [0x0000000080000000, 0x0000000100000000)
  region size 1024K, 229 young (234496K), 28 survivors (28672K)
 Metaspace       used 91143K, capacity 93450K, committed 93692K, reserved 1130496K
  class space    used 11781K, capacity 12591K, committed 12672K, reserved 1048576K
}
Event: 27.428 GC heap after
{Heap after GC invocations=11 (full 0):
 garbage-first heap   total 391168K, used 97703K [0x0000000080000000, 0x0000000100000000)
  region size 1024K, 29 young (29696K), 29 survivors (29696K)
 Metaspace       used 91143K, capacity 93450K, committed 93692K, reserved 1130496K
  class space    used 11781K, capacity 12591K, committed 12672K, reserved 1048576K
}
Event: 32.440 GC heap before
{Heap before GC invocations=11 (full 0):
 garbage-first heap   total 391168K, used 244135K [0x0000000080000000, 0x0000000100000000)
  region size 1024K, 174 young (178176K), 29 survivors (29696K)
 Metaspace       used 97698K, capacity 100314K, committed 100348K, reserved 1136640K
  class space    used 12539K, capacity 13423K, committed 13440K, reserved 1048576K
}
Event: 32.496 GC heap after
{Heap after GC invocations=12 (full 0):
 garbage-first heap   total 391168K, used 105029K [0x0000000080000000, 0x0000000100000000)
  region size 1024K, 22 young (22528K), 22 survivors (22528K)
 Metaspace       used 97698K, capacity 100314K, committed 100348K, reserved 1136640K
  class space    used 12539K, capacity 13423K, committed 13440K, reserved 1048576K
}

